WARNING: Sandboxed execution is not supported on your system and thus hermeticity of actions cannot be guaranteed. See http://bazel.io/docs/bazel-user-manual.html#sandboxing for more information. You can turn off this warning via --ignore_unsupported_sandboxing.
____Loading...
____Loading complete.  Analyzing...
____Found 1 target...
____From Compiling simulator/graphics/renderer.cpp:
In file included from simulator/graphics/renderer.cpp:1:0:
simulator/graphics/renderer.h:3:29: fatal error: SFML/Graphics.hpp: No such file or directory
compilation terminated.
ERROR: /home/kyle/Programming/Robotics/basic-robot/simulator/BUILD:1:1: C++ compilation of rule '//simulator:simulator' failed: gcc failed: error executing command 
  (cd /home/kyle/.cache/bazel/_bazel_kyle/e3c15e67da54ca8734a3e08717164b35/basic-robot && \
  exec env - \
    PATH=/usr/local/sbin:/usr/local/bin:/usr/bin:/opt/android-sdk/platform-tools:/opt/android-sdk/tools:/usr/lib/jvm/default/bin:/usr/bin/site_perl:/usr/bin/vendor_perl:/usr/bin/core_perl:/home/kyle/bin \
  /usr/bin/gcc -fstack-protector -fPIE -Wall -Wunused-but-set-parameter -Wno-free-nonheap-object -fno-omit-frame-pointer '-std=c++0x' -iquote . -iquote bazel-out/local_linux-fastbuild/genfiles -iquote external/sfml -iquote bazel-out/local_linux-fastbuild/genfiles/external/sfml -iquote external/bazel_tools -iquote bazel-out/local_linux-fastbuild/genfiles/external/bazel_tools -iquote external/eigen -iquote bazel-out/local_linux-fastbuild/genfiles/external/eigen -isystem external/sfml/include -isystem bazel-out/local_linux-fastbuild/genfiles/external/sfml/include -isystem external/bazel_tools/tools/cpp/gcc3 -isystem external/eigen/eigen-eigen-4111270ba6e1 -isystem bazel-out/local_linux-fastbuild/genfiles/external/eigen/eigen-eigen-4111270ba6e1 -no-canonical-prefixes -Wno-builtin-macro-redefined '-D__DATE__="redacted"' '-D__TIMESTAMP__="redacted"' '-D__TIME__="redacted"' '-frandom-seed=bazel-out/local_linux-fastbuild/bin/simulator/_objs/simulator/simulator/graphics/renderer.pic.o' -MD -MF bazel-out/local_linux-fastbuild/bin/simulator/_objs/simulator/simulator/graphics/renderer.pic.d -fPIC -c simulator/graphics/renderer.cpp -o bazel-out/local_linux-fastbuild/bin/simulator/_objs/simulator/simulator/graphics/renderer.pic.o): com.google.devtools.build.lib.shell.BadExitStatusException: Process exited with status 1: gcc failed: error executing command 
  (cd /home/kyle/.cache/bazel/_bazel_kyle/e3c15e67da54ca8734a3e08717164b35/basic-robot && \
  exec env - \
    PATH=/usr/local/sbin:/usr/local/bin:/usr/bin:/opt/android-sdk/platform-tools:/opt/android-sdk/tools:/usr/lib/jvm/default/bin:/usr/bin/site_perl:/usr/bin/vendor_perl:/usr/bin/core_perl:/home/kyle/bin \
  /usr/bin/gcc -fstack-protector -fPIE -Wall -Wunused-but-set-parameter -Wno-free-nonheap-object -fno-omit-frame-pointer '-std=c++0x' -iquote . -iquote bazel-out/local_linux-fastbuild/genfiles -iquote external/sfml -iquote bazel-out/local_linux-fastbuild/genfiles/external/sfml -iquote external/bazel_tools -iquote bazel-out/local_linux-fastbuild/genfiles/external/bazel_tools -iquote external/eigen -iquote bazel-out/local_linux-fastbuild/genfiles/external/eigen -isystem external/sfml/include -isystem bazel-out/local_linux-fastbuild/genfiles/external/sfml/include -isystem external/bazel_tools/tools/cpp/gcc3 -isystem external/eigen/eigen-eigen-4111270ba6e1 -isystem bazel-out/local_linux-fastbuild/genfiles/external/eigen/eigen-eigen-4111270ba6e1 -no-canonical-prefixes -Wno-builtin-macro-redefined '-D__DATE__="redacted"' '-D__TIMESTAMP__="redacted"' '-D__TIME__="redacted"' '-frandom-seed=bazel-out/local_linux-fastbuild/bin/simulator/_objs/simulator/simulator/graphics/renderer.pic.o' -MD -MF bazel-out/local_linux-fastbuild/bin/simulator/_objs/simulator/simulator/graphics/renderer.pic.d -fPIC -c simulator/graphics/renderer.cpp -o bazel-out/local_linux-fastbuild/bin/simulator/_objs/simulator/simulator/graphics/renderer.pic.o): com.google.devtools.build.lib.shell.BadExitStatusException: Process exited with status 1.
Target //simulator:simulator failed to build
____Elapsed time: 0.148s, Critical Path: 0.04s
ERROR: Build failed. Not running target.
WARNING: Sandboxed execution is not supported on your system and thus hermeticity of actions cannot be guaranteed. See http://bazel.io/docs/bazel-user-manual.html#sandboxing for more information. You can turn off this warning via --ignore_unsupported_sandboxing.
____Loading...
ERROR: /home/kyle/.cache/bazel/_bazel_kyle/e3c15e67da54ca8734a3e08717164b35/external/sfml/BUILD:8:19: unterminated string literal at eof.
ERROR: /home/kyle/.cache/bazel/_bazel_kyle/e3c15e67da54ca8734a3e08717164b35/external/sfml/BUILD:8:22: syntax error at 'newline': expected ',', 'for' or ']'.
ERROR: /home/kyle/.cache/bazel/_bazel_kyle/e3c15e67da54ca8734a3e08717164b35/external/sfml/BUILD:8:18: Traceback (most recent call last):
	File "/home/kyle/.cache/bazel/_bazel_kyle/e3c15e67da54ca8734a3e08717164b35/external/sfml/BUILD", line 1
		cc_library(name = "main", srcs = glob(["lib/*..."]), <3 more arguments>)
	File "/home/kyle/.cache/bazel/_bazel_kyle/e3c15e67da54ca8734a3e08717164b35/external/sfml/BUILD", line 8, in cc_library
		$error$
contains syntax error(s).
ERROR: /home/kyle/Programming/Robotics/basic-robot/simulator/BUILD:1:1: no such target '@sfml//:main': target 'main' not declared in package '' defined by /home/kyle/.cache/bazel/_bazel_kyle/e3c15e67da54ca8734a3e08717164b35/external/sfml/BUILD and referenced by '//simulator:simulator'.
ERROR: Loading failed; build aborted.
____Elapsed time: 0.107s
ERROR: Build failed. Not running target.
